160
138
200
171
102
112
116
197
7
186
51
130
94
147
39
182
101
161
84
156
70
140
180
26
78
98
3
8
42
91
6
155
20
79
59
36
178
99
77
149
61
23
56
193
195
175
176
71
95
47
122
5
198
48
62
121
18
169
134
192
124
32
119
46
128
164
33
114
100
82
165
166
135
133
63
76
92
58
90
24
13
183
4
11
21
16
30
54
12
143
108
167
152
131
72
38
57
15
187
104
89
174
173
109
19
191
181
87
126
25
34
2
157
81
168
37
107
27
189
159
106
185
188
179
69
177
93
55
144
136
10
111
194
64
184
125
158
113
148
86
141
65
190
73
66
80
68
103
154
41
151
