1
4
2
3
6
5
8
7
9
12
10
11
13
14
15
16
17
18
21
19
20
23
22
24
26
25
30
27
28
29
31
33
32
34
36
35
37
38
39
41
40
42
43
44
47
45
46
49
48
50
54
51
52
53
55
57
56
58
59
60
61
62
63
64
67
65
66
69
68
73
70
71
72
74
75
78
76
77
79
80
81
82
84
83
85
86
87
88
89
91
90
93
92
94
95
96
97
101
98
99
100
104
102
103
105
107
106
109
108
110
111
115
112
113
114
116
117
118
119
120
122
121
123
128
124
125
126
127
129
130
134
131
132
133
135
137
136
140
138
139
141
142
143
145
144
146
147
148
149
150
153
151
152
157
154
155
156
159
158
165
160
161
162
163
164
166
168
167
170
169
172
171
173
177
174
175
176
180
178
179
