169
1
167
6
3
14
150
117
7
16
17
22
12
31
21
15
18
5
27
11
29
2
10
19
32
13
23
24
26
37
35
20
30
45
34
28
33
166
142
25
43
40
44
46
51
50
47
49
36
56
42
55
38
62
48
41
57
54
60
52
145
61
53
58
63
66
76
69
68
64
67
72
83
71
75
70
73
78
81
80
65
74
86
87
91
155
77
92
88
82
84
89
101
94
96
90
93
100
104
102
103
107
105
110
113
112
106
108
97
99
95
111
115
116
114
121
109
165
126
123
127
118
120
131
128
119
130
124
122
129
161
138
125
132
144
133
148
135
137
141
143
146
153
152
139
136
154
147
156
151
149
160
158
159
157
162
