164
197
99
81
117
151
71
72
109
55
126
133
57
154
192
94
127
92
63
135
189
199
80
165
180
124
167
62
90
148
186
195
140
97
116
131
179
139
103
104
157
162
37
58
150
69
170
47
48
1
144
65
118
152
122
66
84
111
107
160
108
130
181
153
185
14
89
172
77
49
194
91
56
190
156
182
200
110
20
43
100
161
96
3
102
198
44
53
70
145
174
105
61
137
15
132
183
166
123
184
113
45
112
141
26
7
18
168
142
52
106
17
173
42
125
115
88
73
128
159
19
54
35
146
169
196
191
68
147
82
36
64
50
24
75
5
163
188
33
4
67
11
27
101
155
6
40
21
87
178
177
86
32
74
187
134
60
136
78
120
129
138
2
171
143
114
83
119
175
85
149
121
25
31
46
38
95
176
41
13
76
12
10
79
8
23
158
193
28
59
51
93
98
34
30
39
29
16
22
9
