15
1
88
2
14
4
13
16
5
7
6
9
11
8
12
10
96
80
31
17
18
26
78
20
111
68
32
43
19
58
25
75
30
28
23
22
47
85
136
21
160
49
98
129
24
40
158
37
52
35
27
134
29
33
34
151
36
45
97
189
55
74
166
64
82
39
38
41
57
148
62
42
161
61
157
54
103
46
59
99
44
3
51
139
153
66
86
50
195
102
150
56
131
170
100
106
188
92
48
171
93
184
135
140
105
187
146
87
69
163
81
94
67
101
91
60
53
137
63
159
114
70
65
162
90
76
71
77
186
95
84
72
126
130
198
193
119
107
120
89
145
83
116
118
144
79
113
141
165
124
117
104
112
181
180
123
109
110
121
185
154
190
168
164
142
115
196
127
182
143
125
133
194
122
108
191
128
155
132
73
149
183
172
138
169
147
192
178
179
174
177
173
167
197
199
156
152
176
175
200
