196
134
187
158
115
82
8
46
153
152
143
90
175
132
67
106
40
63
148
69
49
107
54
177
71
32
98
164
48
16
119
172
94
184
169
1
70
155
64
86
110
136
139
27
174
124
189
4
128
84
142
195
166
194
60
7
179
176
156
93
36
102
29
133
81
125
96
131
52
135
117
17
159
151
72
118
57
160
137
38
13
50
100
28
178
80
24
10
199
111
5
97
173
23
162
15
192
59
12
200
109
3
55
14
85
198
42
182
190
161
193
21
18
34
138
122
35
53
44
39
154
149
103
188
20
68
79
129
191
61
120
45
99
144
130
31
19
126
56
163
75
147
58
65
74
145
168
37
